2022-06-05 19:03:25.673 [JavaFX Application Thread] INFO  presentation.model.TourItemModel - Item is added to the ListView of Tour
2022-06-05 19:03:26.076 [JavaFX Application Thread] INFO  presentation.model.TourItemModel - Item is added to the ListView of Tour
2022-06-05 19:03:26.086 [JavaFX Application Thread] INFO  presentation.model.TourItemModel - Item is added to the ListView of Tour
2022-06-05 19:11:42.922 [JavaFX Application Thread] INFO  presentation.model.TourItemModel - Item is added to the ListView of Tour
2022-06-05 19:11:43.317 [JavaFX Application Thread] INFO  presentation.model.TourItemModel - Item is added to the ListView of Tour
2022-06-05 19:11:43.326 [JavaFX Application Thread] INFO  presentation.model.TourItemModel - Item is added to the ListView of Tour
2022-06-05 19:11:45.227 [JavaFX Application Thread] INFO  presentation.model.TourItemModel - Item is added to the ListView of Tour
2022-06-05 19:11:45.265 [JavaFX Application Thread] INFO  presentation.model.TourLogItemModel - Item is added to the ListView of Tour
2022-06-05 19:11:45.309 [JavaFX Application Thread] INFO  presentation.model.TourLogItemModel - Item is added to the ListView of Tour
2022-06-05 19:11:45.346 [JavaFX Application Thread] INFO  presentation.model.TourLogItemModel - Item is added to the ListView of Tour
2022-06-05 19:11:45.381 [JavaFX Application Thread] INFO  presentation.model.TourLogItemModel - Item is added to the ListView of Tour
2022-06-05 19:11:48.086 [JavaFX Application Thread] INFO  presentation.model.TourItemModel - Item is added to the ListView of Tour
2022-06-05 19:11:48.118 [JavaFX Application Thread] INFO  persistence.PersistencePostGres - Tour tour 3 is inserted in the DB
2022-06-05 19:11:48.118 [JavaFX Application Thread] INFO  presentation.model.TourEntryModel - Tour tour 3 is added (to the DB as well)
2022-06-05 19:11:48.605 [JavaFX Application Thread] INFO  presentation.model.TourItemModel - Item is added to the ListView of Tour
2022-06-05 19:11:48.609 [JavaFX Application Thread] INFO  presentation.model.TourItemModel - Item is added to the ListView of Tour
2022-06-05 19:11:49.535 [JavaFX Application Thread] INFO  presentation.model.TourItemModel - Item is added to the ListView of Tour
2022-06-05 19:11:49.540 [JavaFX Application Thread] INFO  presentation.model.TourItemModel - Item is added to the ListView of Tour
2022-06-05 19:11:49.570 [JavaFX Application Thread] INFO  presentation.model.TourLogItemModel - Item is added to the ListView of Tour
2022-06-05 19:11:49.578 [JavaFX Application Thread] INFO  presentation.model.TourLogItemModel - Item is added to the ListView of Tour
2022-06-05 19:11:49.628 [JavaFX Application Thread] INFO  presentation.model.TourLogItemModel - Item is added to the ListView of Tour
2022-06-05 19:11:49.648 [JavaFX Application Thread] INFO  presentation.model.TourLogItemModel - Item is added to the ListView of Tour
2022-06-05 19:11:50.833 [JavaFX Application Thread] INFO  presentation.model.TourItemModel - Item is added to the ListView of Tour
2022-06-05 19:11:50.857 [JavaFX Application Thread] INFO  persistence.PersistencePostGres - Tour tour 2 deleted!
2022-06-05 19:11:50.865 [JavaFX Application Thread] INFO  persistence.PersistencePostGres - Logs from Tour are deleted!
2022-06-05 19:11:50.866 [JavaFX Application Thread] INFO  persistence.PersistencePostGres - Logs of tour 2 are deleted!
2022-06-05 19:11:50.868 [JavaFX Application Thread] INFO  presentation.model.TourModel - tour 2.jpg is deleted
2022-06-05 19:11:52.377 [JavaFX Application Thread] INFO  presentation.model.TourItemModel - Item is added to the ListView of Tour
2022-06-05 19:11:52.395 [JavaFX Application Thread] INFO  persistence.PersistencePostGres - Tour tour 2 is inserted in the DB
2022-06-05 19:11:52.395 [JavaFX Application Thread] INFO  presentation.model.TourEntryModel - Tour tour 2 is added (to the DB as well)
2022-06-05 19:11:52.768 [JavaFX Application Thread] INFO  presentation.model.TourItemModel - Item is added to the ListView of Tour
2022-06-05 19:11:52.774 [JavaFX Application Thread] INFO  presentation.model.TourItemModel - Item is added to the ListView of Tour
2022-06-05 19:11:53.550 [JavaFX Application Thread] INFO  presentation.model.TourItemModel - Item is added to the ListView of Tour
2022-06-05 19:11:53.556 [JavaFX Application Thread] INFO  presentation.model.TourItemModel - Item is added to the ListView of Tour
2022-06-05 19:11:55.580 [JavaFX Application Thread] INFO  presentation.model.TourItemModel - Item is added to the ListView of Tour
2022-06-05 19:11:55.600 [JavaFX Application Thread] INFO  persistence.PersistencePostGres - Tour tour 4 is inserted in the DB
2022-06-05 19:11:55.600 [JavaFX Application Thread] INFO  presentation.model.TourEntryModel - Tour tour 4 is added (to the DB as well)
2022-06-05 19:11:56.002 [JavaFX Application Thread] INFO  presentation.model.TourItemModel - Item is added to the ListView of Tour
2022-06-05 19:11:56.006 [JavaFX Application Thread] INFO  presentation.model.TourItemModel - Item is added to the ListView of Tour
2022-06-05 19:11:56.433 [JavaFX Application Thread] INFO  presentation.model.TourItemModel - Item is added to the ListView of Tour
2022-06-05 19:11:56.438 [JavaFX Application Thread] INFO  presentation.model.TourItemModel - Item is added to the ListView of Tour
2022-06-05 19:11:57.182 [JavaFX Application Thread] INFO  presentation.model.TourItemModel - Item is added to the ListView of Tour
2022-06-05 19:11:57.187 [JavaFX Application Thread] INFO  presentation.model.TourItemModel - Item is added to the ListView of Tour
2022-06-05 19:12:17.692 [JavaFX Application Thread] INFO  presentation.model.TourItemModel - Item is added to the ListView of Tour
2022-06-05 19:12:17.697 [JavaFX Application Thread] INFO  presentation.model.TourItemModel - Item is added to the ListView of Tour
2022-06-05 19:12:18.085 [JavaFX Application Thread] INFO  presentation.model.TourItemModel - Item is added to the ListView of Tour
2022-06-05 19:12:18.089 [JavaFX Application Thread] INFO  presentation.model.TourItemModel - Item is added to the ListView of Tour
2022-06-05 19:12:18.432 [JavaFX Application Thread] INFO  presentation.model.TourItemModel - Item is added to the ListView of Tour
2022-06-05 19:12:18.437 [JavaFX Application Thread] INFO  presentation.model.TourItemModel - Item is added to the ListView of Tour
2022-06-05 19:12:56.708 [JavaFX Application Thread] INFO  persistence.PersistencePostGres - Tour tour 1 is inserted in the DB
2022-06-05 19:12:56.723 [JavaFX Application Thread] INFO  presentation.model.TourEntryModel - Tour tour 1 is added (to the DB as well)
2022-06-05 19:12:56.745 [JavaFX Application Thread] INFO  presentation.model.TourItemModel - Item is added to the ListView of Tour
2022-06-05 19:12:56.767 [JavaFX Application Thread] INFO  presentation.model.TourItemModel - Item is added to the ListView of Tour
2022-06-05 19:12:57.304 [JavaFX Application Thread] INFO  presentation.model.TourItemModel - Item is added to the ListView of Tour
2022-06-05 19:13:03.846 [JavaFX Application Thread] INFO  presentation.model.TourItemModel - Item is added to the ListView of Tour
2022-06-05 19:13:03.866 [JavaFX Application Thread] INFO  persistence.PersistencePostGres - Tour tour 2 is inserted in the DB
2022-06-05 19:13:03.866 [JavaFX Application Thread] INFO  presentation.model.TourEntryModel - Tour tour 2 is added (to the DB as well)
2022-06-05 19:13:04.245 [JavaFX Application Thread] INFO  presentation.model.TourItemModel - Item is added to the ListView of Tour
2022-06-05 19:13:04.252 [JavaFX Application Thread] INFO  presentation.model.TourItemModel - Item is added to the ListView of Tour
2022-06-05 19:13:05.381 [JavaFX Application Thread] INFO  presentation.model.TourItemModel - Item is added to the ListView of Tour
2022-06-05 19:13:05.387 [JavaFX Application Thread] INFO  presentation.model.TourItemModel - Item is added to the ListView of Tour
2022-06-05 19:13:06.534 [JavaFX Application Thread] INFO  presentation.model.TourLogItemModel - Item is added to the ListView of Tour
2022-06-05 19:13:06.597 [JavaFX Application Thread] INFO  presentation.model.TourLogItemModel - Item is added to the ListView of Tour
2022-06-05 19:13:06.650 [JavaFX Application Thread] INFO  presentation.model.TourLogItemModel - Item is added to the ListView of Tour
2022-06-05 19:13:07.080 [JavaFX Application Thread] INFO  persistence.PersistencePostGres - Tour Log inserted in DB
2022-06-05 19:13:07.101 [JavaFX Application Thread] INFO  persistence.PersistencePostGres - Tour Log inserted in DB
2022-06-05 19:13:07.696 [JavaFX Application Thread] INFO  presentation.model.TourItemModel - Item is added to the ListView of Tour
2022-06-05 19:13:07.702 [JavaFX Application Thread] INFO  presentation.model.TourItemModel - Item is added to the ListView of Tour
2022-06-05 19:13:08.502 [JavaFX Application Thread] INFO  presentation.model.TourLogItemModel - Item is added to the ListView of Tour
2022-06-05 19:13:08.536 [JavaFX Application Thread] INFO  presentation.model.TourLogItemModel - Item is added to the ListView of Tour
2022-06-05 19:13:08.954 [JavaFX Application Thread] INFO  persistence.PersistencePostGres - Tour Log inserted in DB
2022-06-05 19:13:15.798 [JavaFX Application Thread] INFO  presentation.model.TourLogItemModel - Item is added to the ListView of Tour
2022-06-05 19:13:15.821 [JavaFX Application Thread] INFO  presentation.model.TourLogItemModel - Item is added to the ListView of Tour
2022-06-05 19:13:16.742 [JavaFX Application Thread] INFO  presentation.model.TourItemModel - Item is added to the ListView of Tour
2022-06-05 19:13:16.746 [JavaFX Application Thread] INFO  presentation.model.TourItemModel - Item is added to the ListView of Tour
2022-06-05 19:13:16.764 [JavaFX Application Thread] INFO  presentation.model.TourLogItemModel - Item is added to the ListView of Tour
2022-06-05 19:13:16.773 [JavaFX Application Thread] INFO  presentation.model.TourLogItemModel - Item is added to the ListView of Tour
2022-06-05 19:13:16.817 [JavaFX Application Thread] INFO  presentation.model.TourLogItemModel - Item is added to the ListView of Tour
2022-06-05 19:13:16.839 [JavaFX Application Thread] INFO  presentation.model.TourLogItemModel - Item is added to the ListView of Tour
2022-06-05 19:13:17.088 [JavaFX Application Thread] INFO  presentation.model.TourItemModel - Item is added to the ListView of Tour
2022-06-05 19:13:17.092 [JavaFX Application Thread] INFO  presentation.model.TourItemModel - Item is added to the ListView of Tour
2022-06-05 19:13:17.124 [JavaFX Application Thread] INFO  presentation.model.TourLogItemModel - Item is added to the ListView of Tour
2022-06-05 19:13:17.162 [JavaFX Application Thread] INFO  presentation.model.TourLogItemModel - Item is added to the ListView of Tour
2022-06-05 19:13:31.134 [JavaFX Application Thread] INFO  presentation.model.TourItemModel - Item is added to the ListView of Tour
2022-06-05 19:13:31.233 [JavaFX Application Thread] INFO  presentation.model.TourItemModel - Item is added to the ListView of Tour
2022-06-05 19:13:31.493 [JavaFX Application Thread] INFO  presentation.model.TourItemModel - Item is added to the ListView of Tour
2022-06-05 19:13:31.502 [JavaFX Application Thread] INFO  presentation.model.TourItemModel - Item is added to the ListView of Tour
2022-06-05 19:13:31.513 [JavaFX Application Thread] INFO  presentation.model.TourItemModel - Item is added to the ListView of Tour
2022-06-05 19:13:31.524 [JavaFX Application Thread] INFO  presentation.model.TourItemModel - Item is added to the ListView of Tour
2022-06-05 19:13:32.795 [JavaFX Application Thread] INFO  presentation.model.TourItemModel - Item is added to the ListView of Tour
2022-06-05 19:13:32.841 [JavaFX Application Thread] INFO  presentation.model.TourLogItemModel - Item is added to the ListView of Tour
2022-06-05 19:13:32.888 [JavaFX Application Thread] INFO  presentation.model.TourLogItemModel - Item is added to the ListView of Tour
2022-06-05 19:13:32.925 [JavaFX Application Thread] INFO  presentation.model.TourLogItemModel - Item is added to the ListView of Tour
2022-06-05 19:13:32.960 [JavaFX Application Thread] INFO  presentation.model.TourLogItemModel - Item is added to the ListView of Tour
2022-06-05 19:13:33.397 [JavaFX Application Thread] INFO  presentation.model.TourItemModel - Item is added to the ListView of Tour
2022-06-05 19:13:33.401 [JavaFX Application Thread] INFO  presentation.model.TourItemModel - Item is added to the ListView of Tour
2022-06-05 19:13:33.434 [JavaFX Application Thread] INFO  presentation.model.TourLogItemModel - Item is added to the ListView of Tour
2022-06-05 19:13:33.465 [JavaFX Application Thread] INFO  presentation.model.TourLogItemModel - Item is added to the ListView of Tour
2022-06-05 19:13:34.629 [JavaFX Application Thread] INFO  presentation.model.TourItemModel - Item is added to the ListView of Tour
2022-06-05 19:13:34.634 [JavaFX Application Thread] INFO  presentation.model.TourItemModel - Item is added to the ListView of Tour
2022-06-05 19:13:34.676 [JavaFX Application Thread] INFO  presentation.model.TourLogItemModel - Item is added to the ListView of Tour
2022-06-05 19:13:34.688 [JavaFX Application Thread] INFO  presentation.model.TourLogItemModel - Item is added to the ListView of Tour
2022-06-05 19:13:34.730 [JavaFX Application Thread] INFO  presentation.model.TourLogItemModel - Item is added to the ListView of Tour
2022-06-05 19:13:34.752 [JavaFX Application Thread] INFO  presentation.model.TourLogItemModel - Item is added to the ListView of Tour
2022-06-05 19:13:35.633 [JavaFX Application Thread] INFO  presentation.model.TourItemModel - Item is added to the ListView of Tour
2022-06-05 19:13:35.653 [JavaFX Application Thread] INFO  persistence.PersistencePostGres - Tour tour 1 deleted!
2022-06-05 19:13:35.657 [JavaFX Application Thread] INFO  persistence.PersistencePostGres - Logs from Tour are deleted!
2022-06-05 19:13:35.658 [JavaFX Application Thread] INFO  persistence.PersistencePostGres - Logs of tour 1 are deleted!
2022-06-05 19:13:35.659 [JavaFX Application Thread] INFO  presentation.model.TourModel - tour 1.jpg is deleted
2022-06-05 19:13:36.234 [JavaFX Application Thread] INFO  presentation.model.TourLogItemModel - Item is added to the ListView of Tour
2022-06-05 19:13:36.258 [JavaFX Application Thread] INFO  presentation.model.TourLogItemModel - Item is added to the ListView of Tour
2022-06-05 19:13:37.260 [JavaFX Application Thread] INFO  presentation.model.TourLogItemModel - Item is added to the ListView of Tour
2022-06-05 19:13:37.298 [JavaFX Application Thread] INFO  presentation.model.TourLogItemModel - Item is added to the ListView of Tour
2022-06-05 19:13:37.814 [JavaFX Application Thread] INFO  presentation.model.TourLogItemModel - Item is added to the ListView of Tour
2022-06-05 19:13:37.838 [JavaFX Application Thread] INFO  presentation.model.TourLogItemModel - Item is added to the ListView of Tour
2022-06-05 20:42:30.465 [JavaFX Application Thread] INFO  presentation.model.TourItemModel - Item is added to the ListView of Tour
2022-06-05 20:42:31.054 [JavaFX Application Thread] INFO  presentation.model.TourItemModel - Item is added to the ListView of Tour
2022-06-05 20:42:31.069 [JavaFX Application Thread] INFO  presentation.model.TourItemModel - Item is added to the ListView of Tour
2022-06-05 20:42:33.226 [JavaFX Application Thread] INFO  presentation.model.TourItemModel - Item is added to the ListView of Tour
2022-06-05 20:42:33.304 [JavaFX Application Thread] INFO  presentation.model.TourLogItemModel - Item is added to the ListView of Tour
2022-06-05 20:42:33.370 [JavaFX Application Thread] INFO  presentation.model.TourLogItemModel - Item is added to the ListView of Tour
2022-06-05 20:42:36.191 [JavaFX Application Thread] INFO  presentation.model.TourItemModel - Item is added to the ListView of Tour
2022-06-05 20:42:36.239 [JavaFX Application Thread] INFO  persistence.PersistencePostGres - Tour tour 3 is inserted in the DB
2022-06-05 20:42:36.240 [JavaFX Application Thread] INFO  presentation.model.TourEntryModel - Tour tour 3 is added (to the DB as well)
2022-06-05 20:42:36.615 [JavaFX Application Thread] INFO  presentation.model.TourItemModel - Item is added to the ListView of Tour
2022-06-05 20:42:36.622 [JavaFX Application Thread] INFO  presentation.model.TourItemModel - Item is added to the ListView of Tour
2022-06-05 20:42:37.112 [JavaFX Application Thread] INFO  presentation.model.TourItemModel - Item is added to the ListView of Tour
2022-06-05 20:42:37.118 [JavaFX Application Thread] INFO  presentation.model.TourItemModel - Item is added to the ListView of Tour
2022-06-05 20:42:37.183 [JavaFX Application Thread] INFO  presentation.model.TourLogItemModel - Item is added to the ListView of Tour
2022-06-05 20:42:37.224 [JavaFX Application Thread] INFO  presentation.model.TourLogItemModel - Item is added to the ListView of Tour
2022-06-05 20:42:37.540 [JavaFX Application Thread] INFO  presentation.model.TourItemModel - Item is added to the ListView of Tour
2022-06-05 20:42:37.546 [JavaFX Application Thread] INFO  presentation.model.TourItemModel - Item is added to the ListView of Tour
2022-06-05 20:42:38.571 [JavaFX Application Thread] INFO  presentation.model.TourLogItemModel - Item is added to the ListView of Tour
2022-06-05 20:42:38.604 [JavaFX Application Thread] INFO  presentation.model.TourLogItemModel - Item is added to the ListView of Tour
2022-06-05 20:42:38.698 [JavaFX Application Thread] INFO  presentation.model.TourLogItemModel - Item is added to the ListView of Tour
2022-06-05 20:42:38.835 [JavaFX Application Thread] INFO  presentation.model.TourLogItemModel - Item is added to the ListView of Tour
2022-06-05 20:42:38.987 [JavaFX Application Thread] INFO  presentation.model.TourLogItemModel - Item is added to the ListView of Tour
2022-06-05 20:42:39.138 [JavaFX Application Thread] INFO  presentation.model.TourLogItemModel - Item is added to the ListView of Tour
2022-06-05 20:42:39.292 [JavaFX Application Thread] INFO  presentation.model.TourLogItemModel - Item is added to the ListView of Tour
2022-06-05 20:42:39.944 [JavaFX Application Thread] INFO  persistence.PersistencePostGres - Tour Log inserted in DB
2022-06-05 20:42:39.973 [JavaFX Application Thread] INFO  persistence.PersistencePostGres - Tour Log inserted in DB
2022-06-05 20:42:39.998 [JavaFX Application Thread] INFO  persistence.PersistencePostGres - Tour Log inserted in DB
2022-06-05 20:42:40.025 [JavaFX Application Thread] INFO  persistence.PersistencePostGres - Tour Log inserted in DB
2022-06-05 20:42:40.050 [JavaFX Application Thread] INFO  persistence.PersistencePostGres - Tour Log inserted in DB
2022-06-05 20:42:40.074 [JavaFX Application Thread] INFO  persistence.PersistencePostGres - Tour Log inserted in DB
2022-06-05 20:42:41.596 [JavaFX Application Thread] INFO  presentation.model.TourItemModel - Item is added to the ListView of Tour
2022-06-05 20:42:41.601 [JavaFX Application Thread] INFO  presentation.model.TourItemModel - Item is added to the ListView of Tour
2022-06-05 20:42:41.615 [JavaFX Application Thread] INFO  presentation.model.TourLogItemModel - Item is added to the ListView of Tour
2022-06-05 20:42:41.653 [JavaFX Application Thread] INFO  presentation.model.TourLogItemModel - Item is added to the ListView of Tour
2022-06-05 20:42:41.971 [JavaFX Application Thread] INFO  presentation.model.TourItemModel - Item is added to the ListView of Tour
2022-06-05 20:42:41.975 [JavaFX Application Thread] INFO  presentation.model.TourItemModel - Item is added to the ListView of Tour
2022-06-05 20:42:42.052 [JavaFX Application Thread] INFO  presentation.model.TourLogItemModel - Item is added to the ListView of Tour
2022-06-05 20:42:42.062 [JavaFX Application Thread] INFO  presentation.model.TourLogItemModel - Item is added to the ListView of Tour
2022-06-05 20:42:42.067 [JavaFX Application Thread] INFO  presentation.model.TourLogItemModel - Item is added to the ListView of Tour
2022-06-05 20:42:42.073 [JavaFX Application Thread] INFO  presentation.model.TourLogItemModel - Item is added to the ListView of Tour
2022-06-05 20:42:42.081 [JavaFX Application Thread] INFO  presentation.model.TourLogItemModel - Item is added to the ListView of Tour
2022-06-05 20:42:42.087 [JavaFX Application Thread] INFO  presentation.model.TourLogItemModel - Item is added to the ListView of Tour
2022-06-05 20:42:42.171 [JavaFX Application Thread] INFO  presentation.model.TourLogItemModel - Item is added to the ListView of Tour
2022-06-05 20:42:42.199 [JavaFX Application Thread] INFO  presentation.model.TourLogItemModel - Item is added to the ListView of Tour
2022-06-05 20:42:42.223 [JavaFX Application Thread] INFO  presentation.model.TourLogItemModel - Item is added to the ListView of Tour
2022-06-05 20:42:42.243 [JavaFX Application Thread] INFO  presentation.model.TourLogItemModel - Item is added to the ListView of Tour
2022-06-05 21:36:20.824 [main] INFO  persistence.PersistencePostGres - Tour thisTourDoesNotExist is inserted in the DB
2022-06-05 21:36:21.029 [main] INFO  persistence.PersistencePostGres - Tour thisTourDoesNotExist deleted!
2022-06-05 21:36:21.042 [main] INFO  persistence.PersistencePostGres - Logs from Tour are deleted!
2022-06-05 21:36:21.044 [main] INFO  persistence.PersistencePostGres - Logs of thisTourDoesNotExist are deleted!
