2024-04-01 11:20:51.499 [JavaFX Application Thread] INFO  presentation.model.TourLogItemModel - Item is added to the ListView of Tour
2024-04-01 11:20:51.536 [JavaFX Application Thread] INFO  presentation.model.TourLogItemModel - Item is added to the ListView of Tour
2024-04-01 11:20:59.751 [JavaFX Application Thread] INFO  presentation.controller.TourDetailsController - State of Tour Details is flipped
2024-04-01 13:05:49.075 [main] INFO  persistence.PersistencePostGres - Tour thisTourDoesNotExist is inserted in the DB
2024-04-01 13:05:49.082 [main] INFO  persistence.PersistencePostGres - Tour thisTourDoesNotExist is updated!
2024-04-01 13:05:49.097 [main] INFO  persistence.PersistencePostGres - Tour thisTourDoesNotExist deleted!
2024-04-01 13:05:49.099 [main] INFO  persistence.PersistencePostGres - Logs of thisTourDoesNotExist are deleted!
2024-04-01 13:05:49.157 [main] INFO  persistence.PersistencePostGres - Tour thisTourDoesNotExist is inserted in the DB
2024-04-01 13:05:49.160 [main] INFO  persistence.PersistencePostGres - Tour thisTourDoesNotExist deleted!
2024-04-01 13:05:49.160 [main] INFO  persistence.PersistencePostGres - Logs of thisTourDoesNotExist are deleted!
2024-04-01 13:05:49.207 [main] INFO  persistence.PersistencePostGres - Tour thisTourDoesNotExist is inserted in the DB
2024-04-01 13:05:49.208 [main] INFO  persistence.PersistencePostGres - Tour thisTourDoesNotExist is updated!
2024-04-01 13:05:49.210 [main] INFO  persistence.PersistencePostGres - Tour thisTourDoesNotExist deleted!
2024-04-01 13:05:49.211 [main] INFO  persistence.PersistencePostGres - Logs of thisTourDoesNotExist are deleted!
2024-04-01 13:05:49.299 [main] INFO  persistence.PersistencePostGres - Tour thisTourDoesNotExist is inserted in the DB
2024-04-01 13:05:49.300 [main] INFO  persistence.PersistencePostGres - Tour thisTourDoesNotExist is updated!
2024-04-01 13:05:49.301 [main] INFO  persistence.PersistencePostGres - Tour thisTourDoesNotExist deleted!
2024-04-01 13:05:49.301 [main] INFO  persistence.PersistencePostGres - Logs of thisTourDoesNotExist are deleted!
2024-04-01 13:05:49.346 [main] INFO  persistence.PersistencePostGres - Tour thisTourDoesNotExist is inserted in the DB
2024-04-01 13:05:49.348 [main] INFO  persistence.PersistencePostGres - Tour thisTourDoesNotExist deleted!
2024-04-01 13:05:49.348 [main] INFO  persistence.PersistencePostGres - Logs of thisTourDoesNotExist are deleted!
2024-04-01 13:05:49.394 [main] INFO  persistence.PersistencePostGres - Tour thisTourDoesNotExist is inserted in the DB
2024-04-01 13:05:49.396 [main] INFO  persistence.PersistencePostGres - Tour thisTourDoesNotExist is updated!
2024-04-01 13:05:49.397 [main] INFO  persistence.PersistencePostGres - Tour thisTourDoesNotExist deleted!
2024-04-01 13:05:49.397 [main] INFO  persistence.PersistencePostGres - Logs of thisTourDoesNotExist are deleted!
2024-04-01 13:05:49.443 [main] INFO  persistence.PersistencePostGres - Tour thisTourDoesNotExist is inserted in the DB
2024-04-01 13:05:49.444 [main] INFO  persistence.PersistencePostGres - Tour thisTourDoesNotExist is updated!
2024-04-01 13:05:49.445 [main] INFO  persistence.PersistencePostGres - Tour thisTourDoesNotExist deleted!
2024-04-01 13:05:49.446 [main] INFO  persistence.PersistencePostGres - Logs of thisTourDoesNotExist are deleted!
2024-04-01 13:05:49.490 [main] INFO  persistence.PersistencePostGres - Tour thisTourDoesNotExist is inserted in the DB
2024-04-01 13:05:49.492 [main] INFO  persistence.PersistencePostGres - Tour thisTourDoesNotExist is updated!
2024-04-01 13:05:49.494 [main] INFO  persistence.PersistencePostGres - Tour thisTourDoesNotExist deleted!
2024-04-01 13:05:49.494 [main] INFO  persistence.PersistencePostGres - Logs of thisTourDoesNotExist are deleted!
2024-04-01 13:05:49.537 [main] INFO  persistence.PersistencePostGres - Tour thisTourDoesNotExist is inserted in the DB
2024-04-01 13:05:49.539 [main] INFO  persistence.PersistencePostGres - Tour thisTourDoesNotExist is updated!
2024-04-01 13:05:49.540 [main] INFO  persistence.PersistencePostGres - Tour thisTourDoesNotExist deleted!
2024-04-01 13:05:49.540 [main] INFO  persistence.PersistencePostGres - Logs of thisTourDoesNotExist are deleted!
2024-04-01 13:05:49.583 [main] INFO  persistence.PersistencePostGres - Tour thisTourDoesNotExist is inserted in the DB
2024-04-01 13:05:49.584 [main] INFO  persistence.PersistencePostGres - Tour thisTourDoesNotExist is updated!
2024-04-01 13:05:49.586 [main] INFO  persistence.PersistencePostGres - Tour thisTourDoesNotExist deleted!
2024-04-01 13:05:49.586 [main] INFO  persistence.PersistencePostGres - Logs of thisTourDoesNotExist are deleted!
2024-04-01 13:09:19.126 [main] INFO  persistence.PersistencePostGres - Tour thisTourDoesNotExist is inserted in the DB
2024-04-01 13:09:19.130 [main] INFO  persistence.PersistencePostGres - Tour thisTourDoesNotExist is updated!
2024-04-01 13:09:19.145 [main] INFO  persistence.PersistencePostGres - Tour thisTourDoesNotExist deleted!
2024-04-01 13:09:19.145 [main] INFO  persistence.PersistencePostGres - Logs of thisTourDoesNotExist are deleted!
2024-04-01 13:09:19.197 [main] INFO  persistence.PersistencePostGres - Tour thisTourDoesNotExist is inserted in the DB
2024-04-01 13:09:19.200 [main] INFO  persistence.PersistencePostGres - Tour thisTourDoesNotExist deleted!
2024-04-01 13:09:19.201 [main] INFO  persistence.PersistencePostGres - Logs of thisTourDoesNotExist are deleted!
2024-04-01 13:09:19.246 [main] INFO  persistence.PersistencePostGres - Tour thisTourDoesNotExist is inserted in the DB
2024-04-01 13:09:19.247 [main] INFO  persistence.PersistencePostGres - Tour thisTourDoesNotExist is updated!
2024-04-01 13:09:19.250 [main] INFO  persistence.PersistencePostGres - Tour thisTourDoesNotExist deleted!
2024-04-01 13:09:19.250 [main] INFO  persistence.PersistencePostGres - Logs of thisTourDoesNotExist are deleted!
2024-04-01 13:09:19.336 [main] INFO  persistence.PersistencePostGres - Tour thisTourDoesNotExist is inserted in the DB
2024-04-01 13:09:19.337 [main] INFO  persistence.PersistencePostGres - Tour thisTourDoesNotExist is updated!
2024-04-01 13:09:19.338 [main] INFO  persistence.PersistencePostGres - Tour thisTourDoesNotExist deleted!
2024-04-01 13:09:19.339 [main] INFO  persistence.PersistencePostGres - Logs of thisTourDoesNotExist are deleted!
2024-04-01 13:09:19.382 [main] INFO  persistence.PersistencePostGres - Tour thisTourDoesNotExist is inserted in the DB
2024-04-01 13:09:19.384 [main] INFO  persistence.PersistencePostGres - Tour thisTourDoesNotExist deleted!
2024-04-01 13:09:19.384 [main] INFO  persistence.PersistencePostGres - Logs of thisTourDoesNotExist are deleted!
2024-04-01 13:09:19.437 [main] INFO  persistence.PersistencePostGres - Tour thisTourDoesNotExist is inserted in the DB
2024-04-01 13:09:19.438 [main] INFO  persistence.PersistencePostGres - Tour thisTourDoesNotExist is updated!
2024-04-01 13:09:19.440 [main] INFO  persistence.PersistencePostGres - Tour thisTourDoesNotExist deleted!
2024-04-01 13:09:19.440 [main] INFO  persistence.PersistencePostGres - Logs of thisTourDoesNotExist are deleted!
2024-04-01 13:09:19.487 [main] INFO  persistence.PersistencePostGres - Tour thisTourDoesNotExist is inserted in the DB
2024-04-01 13:09:19.488 [main] INFO  persistence.PersistencePostGres - Tour thisTourDoesNotExist is updated!
2024-04-01 13:09:19.490 [main] INFO  persistence.PersistencePostGres - Tour thisTourDoesNotExist deleted!
2024-04-01 13:09:19.490 [main] INFO  persistence.PersistencePostGres - Logs of thisTourDoesNotExist are deleted!
2024-04-01 13:09:19.537 [main] INFO  persistence.PersistencePostGres - Tour thisTourDoesNotExist is inserted in the DB
2024-04-01 13:09:19.538 [main] INFO  persistence.PersistencePostGres - Tour thisTourDoesNotExist is updated!
2024-04-01 13:09:19.539 [main] INFO  persistence.PersistencePostGres - Tour thisTourDoesNotExist deleted!
2024-04-01 13:09:19.539 [main] INFO  persistence.PersistencePostGres - Logs of thisTourDoesNotExist are deleted!
2024-04-01 13:09:19.584 [main] INFO  persistence.PersistencePostGres - Tour thisTourDoesNotExist is inserted in the DB
2024-04-01 13:09:19.586 [main] INFO  persistence.PersistencePostGres - Tour thisTourDoesNotExist is updated!
2024-04-01 13:09:19.587 [main] INFO  persistence.PersistencePostGres - Tour thisTourDoesNotExist deleted!
2024-04-01 13:09:19.588 [main] INFO  persistence.PersistencePostGres - Logs of thisTourDoesNotExist are deleted!
2024-04-01 13:09:19.632 [main] INFO  persistence.PersistencePostGres - Tour thisTourDoesNotExist is inserted in the DB
2024-04-01 13:09:19.633 [main] INFO  persistence.PersistencePostGres - Tour thisTourDoesNotExist is updated!
2024-04-01 13:09:19.635 [main] INFO  persistence.PersistencePostGres - Tour thisTourDoesNotExist deleted!
2024-04-01 13:09:19.635 [main] INFO  persistence.PersistencePostGres - Logs of thisTourDoesNotExist are deleted!
2024-04-01 13:09:48.393 [main] INFO  persistence.PersistencePostGres - Tour thisTourDoesNotExist is inserted in the DB
2024-04-01 13:09:48.397 [main] INFO  persistence.PersistencePostGres - Tour thisTourDoesNotExist is updated!
2024-04-01 13:09:48.410 [main] INFO  persistence.PersistencePostGres - Tour thisTourDoesNotExist deleted!
2024-04-01 13:09:48.411 [main] INFO  persistence.PersistencePostGres - Logs of thisTourDoesNotExist are deleted!
2024-04-01 13:09:48.460 [main] INFO  persistence.PersistencePostGres - Tour thisTourDoesNotExist is inserted in the DB
2024-04-01 13:09:48.462 [main] INFO  persistence.PersistencePostGres - Tour thisTourDoesNotExist deleted!
2024-04-01 13:09:48.462 [main] INFO  persistence.PersistencePostGres - Logs of thisTourDoesNotExist are deleted!
2024-04-01 13:09:48.505 [main] INFO  persistence.PersistencePostGres - Tour thisTourDoesNotExist is inserted in the DB
2024-04-01 13:09:48.507 [main] INFO  persistence.PersistencePostGres - Tour thisTourDoesNotExist is updated!
2024-04-01 13:09:48.509 [main] INFO  persistence.PersistencePostGres - Tour thisTourDoesNotExist deleted!
2024-04-01 13:09:48.509 [main] INFO  persistence.PersistencePostGres - Logs of thisTourDoesNotExist are deleted!
2024-04-01 13:09:48.699 [main] INFO  persistence.PersistencePostGres - Tour thisTourDoesNotExist is inserted in the DB
2024-04-01 13:09:48.700 [main] INFO  persistence.PersistencePostGres - Tour thisTourDoesNotExist is updated!
2024-04-01 13:09:48.702 [main] INFO  persistence.PersistencePostGres - Tour thisTourDoesNotExist deleted!
2024-04-01 13:09:48.702 [main] INFO  persistence.PersistencePostGres - Logs of thisTourDoesNotExist are deleted!
2024-04-01 13:09:48.746 [main] INFO  persistence.PersistencePostGres - Tour thisTourDoesNotExist is inserted in the DB
2024-04-01 13:09:48.748 [main] INFO  persistence.PersistencePostGres - Tour thisTourDoesNotExist deleted!
2024-04-01 13:09:48.748 [main] INFO  persistence.PersistencePostGres - Logs of thisTourDoesNotExist are deleted!
2024-04-01 13:09:48.793 [main] INFO  persistence.PersistencePostGres - Tour thisTourDoesNotExist is inserted in the DB
2024-04-01 13:09:48.793 [main] INFO  persistence.PersistencePostGres - Tour thisTourDoesNotExist is updated!
2024-04-01 13:09:48.795 [main] INFO  persistence.PersistencePostGres - Tour thisTourDoesNotExist deleted!
2024-04-01 13:09:48.795 [main] INFO  persistence.PersistencePostGres - Logs of thisTourDoesNotExist are deleted!
2024-04-01 13:09:48.837 [main] INFO  persistence.PersistencePostGres - Tour thisTourDoesNotExist is inserted in the DB
2024-04-01 13:09:48.839 [main] INFO  persistence.PersistencePostGres - Tour thisTourDoesNotExist is updated!
2024-04-01 13:09:48.841 [main] INFO  persistence.PersistencePostGres - Tour thisTourDoesNotExist deleted!
2024-04-01 13:09:48.841 [main] INFO  persistence.PersistencePostGres - Logs of thisTourDoesNotExist are deleted!
2024-04-01 13:09:48.886 [main] INFO  persistence.PersistencePostGres - Tour thisTourDoesNotExist is inserted in the DB
2024-04-01 13:09:48.887 [main] INFO  persistence.PersistencePostGres - Tour thisTourDoesNotExist is updated!
2024-04-01 13:09:48.890 [main] INFO  persistence.PersistencePostGres - Tour thisTourDoesNotExist deleted!
2024-04-01 13:09:48.890 [main] INFO  persistence.PersistencePostGres - Logs of thisTourDoesNotExist are deleted!
2024-04-01 13:09:48.932 [main] INFO  persistence.PersistencePostGres - Tour thisTourDoesNotExist is inserted in the DB
2024-04-01 13:09:48.933 [main] INFO  persistence.PersistencePostGres - Tour thisTourDoesNotExist is updated!
2024-04-01 13:09:48.935 [main] INFO  persistence.PersistencePostGres - Tour thisTourDoesNotExist deleted!
2024-04-01 13:09:48.935 [main] INFO  persistence.PersistencePostGres - Logs of thisTourDoesNotExist are deleted!
2024-04-01 13:09:48.977 [main] INFO  persistence.PersistencePostGres - Tour thisTourDoesNotExist is inserted in the DB
2024-04-01 13:09:48.978 [main] INFO  persistence.PersistencePostGres - Tour thisTourDoesNotExist is updated!
2024-04-01 13:09:48.979 [main] INFO  persistence.PersistencePostGres - Tour thisTourDoesNotExist deleted!
2024-04-01 13:09:48.979 [main] INFO  persistence.PersistencePostGres - Logs of thisTourDoesNotExist are deleted!
